e:\download'old\program\adst3 v2.4(범용최종본 - 20161103)\1. source\adst3_v_c.2.3_uc_vs80\adst3_vs80\debug\adst3_vs80.pch
e:\download'old\program\adst3 v2.4(범용최종본 - 20161103)\1. source\adst3_v_c.2.3_uc_vs80\adst3_vs80\debug\stdafx.obj
e:\download'old\program\adst3 v2.4(범용최종본 - 20161103)\1. source\adst3_v_c.2.3_uc_vs80\adst3_vs80\debug\vc120.pdb
e:\download'old\program\adst3 v2.4(범용최종본 - 20161103)\1. source\adst3_v_c.2.3_uc_vs80\adst3_vs80\debug\adst3_vs80.obj
e:\download'old\program\adst3 v2.4(범용최종본 - 20161103)\1. source\adst3_v_c.2.3_uc_vs80\adst3_vs80\debug\adst3_vs80dlg.obj
e:\download'old\program\adst3 v2.4(범용최종본 - 20161103)\1. source\adst3_v_c.2.3_uc_vs80\adst3_vs80\debug\btnst.obj
e:\download'old\program\adst3 v2.4(범용최종본 - 20161103)\1. source\adst3_v_c.2.3_uc_vs80\adst3_vs80\debug\colorcontrol.obj
e:\download'old\program\adst3 v2.4(범용최종본 - 20161103)\1. source\adst3_v_c.2.3_uc_vs80\adst3_vs80\debug\pyh_comm.obj
e:\download'old\program\adst3 v2.4(범용최종본 - 20161103)\1. source\adst3_v_c.2.3_uc_vs80\adst3_vs80\debug\socket.obj
e:\download'old\program\adst3 v2.4(범용최종본 - 20161103)\1. source\adst3_v_c.2.3_uc_vs80\adst3_vs80\debug\statictransbkg.obj
e:\download'old\program\adst3 v2.4(범용최종본 - 20161103)\1. source\adst3_v_c.2.3_uc_vs80\adst3_vs80\debug\listctrlff.obj
e:\download'old\program\adst3 v2.4(범용최종본 - 20161103)\1. source\adst3_v_c.2.3_uc_vs80\adst3_vs80\debug\adst3_vs80.res
e:\download'old\program\adst3 v2.4(범용최종본 - 20161103)\1. source\adst3_v_c.2.3_uc_vs80\adst3_vs80\debug\vc120.idb
e:\download'old\program\adst3 v2.4(범용최종본 - 20161103)\1. source\adst3_v_c.2.3_uc_vs80\debug\adst3_vs80.pdb
e:\download'old\program\adst3 v2.4(범용최종본 - 20161103)\1. source\adst3_v_c.2.3_uc_vs80\adst3_vs80\debug\adst3_vs80.tlog\cl.command.1.tlog
e:\download'old\program\adst3 v2.4(범용최종본 - 20161103)\1. source\adst3_v_c.2.3_uc_vs80\adst3_vs80\debug\adst3_vs80.tlog\cl.read.1.tlog
e:\download'old\program\adst3 v2.4(범용최종본 - 20161103)\1. source\adst3_v_c.2.3_uc_vs80\adst3_vs80\debug\adst3_vs80.tlog\cl.write.1.tlog
e:\download'old\program\adst3 v2.4(범용최종본 - 20161103)\1. source\adst3_v_c.2.3_uc_vs80\adst3_vs80\debug\adst3_vs80.tlog\link-cvtres.read.1.tlog
e:\download'old\program\adst3 v2.4(범용최종본 - 20161103)\1. source\adst3_v_c.2.3_uc_vs80\adst3_vs80\debug\adst3_vs80.tlog\link-cvtres.write.1.tlog
e:\download'old\program\adst3 v2.4(범용최종본 - 20161103)\1. source\adst3_v_c.2.3_uc_vs80\adst3_vs80\debug\adst3_vs80.tlog\link-mt.read.1.tlog
e:\download'old\program\adst3 v2.4(범용최종본 - 20161103)\1. source\adst3_v_c.2.3_uc_vs80\adst3_vs80\debug\adst3_vs80.tlog\link-mt.write.1.tlog
e:\download'old\program\adst3 v2.4(범용최종본 - 20161103)\1. source\adst3_v_c.2.3_uc_vs80\adst3_vs80\debug\adst3_vs80.tlog\link-rc.read.1.tlog
e:\download'old\program\adst3 v2.4(범용최종본 - 20161103)\1. source\adst3_v_c.2.3_uc_vs80\adst3_vs80\debug\adst3_vs80.tlog\link-rc.write.1.tlog
e:\download'old\program\adst3 v2.4(범용최종본 - 20161103)\1. source\adst3_v_c.2.3_uc_vs80\adst3_vs80\debug\adst3_vs80.tlog\link.command.1.tlog
e:\download'old\program\adst3 v2.4(범용최종본 - 20161103)\1. source\adst3_v_c.2.3_uc_vs80\adst3_vs80\debug\adst3_vs80.tlog\link.read.1.tlog
e:\download'old\program\adst3 v2.4(범용최종본 - 20161103)\1. source\adst3_v_c.2.3_uc_vs80\adst3_vs80\debug\adst3_vs80.tlog\link.write.1.tlog
e:\download'old\program\adst3 v2.4(범용최종본 - 20161103)\1. source\adst3_v_c.2.3_uc_vs80\adst3_vs80\debug\adst3_vs80.tlog\rc.command.1.tlog
e:\download'old\program\adst3 v2.4(범용최종본 - 20161103)\1. source\adst3_v_c.2.3_uc_vs80\adst3_vs80\debug\adst3_vs80.tlog\rc.read.1.tlog
e:\download'old\program\adst3 v2.4(범용최종본 - 20161103)\1. source\adst3_v_c.2.3_uc_vs80\adst3_vs80\debug\adst3_vs80.tlog\rc.write.1.tlog
